This is pdfTeX, Version 3.14159265-2.6-1.40.21 (TeX Live 2020/W32TeX) (preloaded format=pdflatex 2021.2.15)  25 MAY 2021 21:28
entering extended mode
 restricted \write18 enabled.
 %&-line parsing enabled.
**Annex_4_code.tex
(./Annex_4_code.tex
LaTeX2e <2020-10-01> patch level 4
L3 programming layer <2021-02-06>
(c:/Users/rooperc/AppData/Roaming/TinyTeX/texmf-dist/tex/latex/base/article.cls
Document Class: article 2020/04/10 v1.4m Standard LaTeX document class
(c:/Users/rooperc/AppData/Roaming/TinyTeX/texmf-dist/tex/latex/base/size10.clo
File: size10.clo 2020/04/10 v1.4m Standard LaTeX file (size option)
)
\c@part=\count177
\c@section=\count178
\c@subsection=\count179
\c@subsubsection=\count180
\c@paragraph=\count181
\c@subparagraph=\count182
\c@figure=\count183
\c@table=\count184
\abovecaptionskip=\skip47
\belowcaptionskip=\skip48
\bibindent=\dimen138
) (c:/Users/rooperc/AppData/Roaming/TinyTeX/texmf-dist/tex/latex/lm/lmodern.sty
Package: lmodern 2009/10/30 v1.6 Latin Modern Fonts
LaTeX Font Info:    Overwriting symbol font `operators' in version `normal'
(Font)                  OT1/cmr/m/n --> OT1/lmr/m/n on input line 22.
LaTeX Font Info:    Overwriting symbol font `letters' in version `normal'
(Font)                  OML/cmm/m/it --> OML/lmm/m/it on input line 23.
LaTeX Font Info:    Overwriting symbol font `symbols' in version `normal'
(Font)                  OMS/cmsy/m/n --> OMS/lmsy/m/n on input line 24.
LaTeX Font Info:    Overwriting symbol font `largesymbols' in version `normal'
(Font)                  OMX/cmex/m/n --> OMX/lmex/m/n on input line 25.
LaTeX Font Info:    Overwriting symbol font `operators' in version `bold'
(Font)                  OT1/cmr/bx/n --> OT1/lmr/bx/n on input line 26.
LaTeX Font Info:    Overwriting symbol font `letters' in version `bold'
(Font)                  OML/cmm/b/it --> OML/lmm/b/it on input line 27.
LaTeX Font Info:    Overwriting symbol font `symbols' in version `bold'
(Font)                  OMS/cmsy/b/n --> OMS/lmsy/b/n on input line 28.
LaTeX Font Info:    Overwriting symbol font `largesymbols' in version `bold'
(Font)                  OMX/cmex/m/n --> OMX/lmex/m/n on input line 29.
LaTeX Font Info:    Overwriting math alphabet `\mathbf' in version `normal'
(Font)                  OT1/cmr/bx/n --> OT1/lmr/bx/n on input line 31.
LaTeX Font Info:    Overwriting math alphabet `\mathsf' in version `normal'
(Font)                  OT1/cmss/m/n --> OT1/lmss/m/n on input line 32.
LaTeX Font Info:    Overwriting math alphabet `\mathit' in version `normal'
(Font)                  OT1/cmr/m/it --> OT1/lmr/m/it on input line 33.
LaTeX Font Info:    Overwriting math alphabet `\mathtt' in version `normal'
(Font)                  OT1/cmtt/m/n --> OT1/lmtt/m/n on input line 34.
LaTeX Font Info:    Overwriting math alphabet `\mathbf' in version `bold'
(Font)                  OT1/cmr/bx/n --> OT1/lmr/bx/n on input line 35.
LaTeX Font Info:    Overwriting math alphabet `\mathsf' in version `bold'
(Font)                  OT1/cmss/bx/n --> OT1/lmss/bx/n on input line 36.
LaTeX Font Info:    Overwriting math alphabet `\mathit' in version `bold'
(Font)                  OT1/cmr/bx/it --> OT1/lmr/bx/it on input line 37.
LaTeX Font Info:    Overwriting math alphabet `\mathtt' in version `bold'
(Font)                  OT1/cmtt/m/n --> OT1/lmtt/m/n on input line 38.
)
(c:/Users/rooperc/AppData/Roaming/TinyTeX/texmf-dist/tex/latex/amsfonts/amssymb
.sty
Package: amssymb 2013/01/14 v3.01 AMS font symbols

(c:/Users/rooperc/AppData/Roaming/TinyTeX/texmf-dist/tex/latex/amsfonts/amsfont
s.sty
Package: amsfonts 2013/01/14 v3.01 Basic AMSFonts support
\@emptytoks=\toks15
\symAMSa=\mathgroup4
\symAMSb=\mathgroup5
LaTeX Font Info:    Redeclaring math symbol \hbar on input line 98.
LaTeX Font Info:    Overwriting math alphabet `\mathfrak' in version `bold'
(Font)                  U/euf/m/n --> U/euf/b/n on input line 106.
))
(c:/Users/rooperc/AppData/Roaming/TinyTeX/texmf-dist/tex/latex/amsmath/amsmath.
sty
Package: amsmath 2020/09/23 v2.17i AMS math features
\@mathmargin=\skip49
For additional information on amsmath, use the `?' option.

(c:/Users/rooperc/AppData/Roaming/TinyTeX/texmf-dist/tex/latex/amsmath/amstext.
sty
Package: amstext 2000/06/29 v2.01 AMS text

(c:/Users/rooperc/AppData/Roaming/TinyTeX/texmf-dist/tex/latex/amsmath/amsgen.s
ty
File: amsgen.sty 1999/11/30 v2.0 generic functions
\@emptytoks=\toks16
\ex@=\dimen139
))
(c:/Users/rooperc/AppData/Roaming/TinyTeX/texmf-dist/tex/latex/amsmath/amsbsy.s
ty
Package: amsbsy 1999/11/29 v1.2d Bold Symbols
\pmbraise@=\dimen140
)
(c:/Users/rooperc/AppData/Roaming/TinyTeX/texmf-dist/tex/latex/amsmath/amsopn.s
ty
Package: amsopn 2016/03/08 v2.02 operator names
)
\inf@bad=\count185
LaTeX Info: Redefining \frac on input line 234.
\uproot@=\count186
\leftroot@=\count187
LaTeX Info: Redefining \overline on input line 399.
\classnum@=\count188
\DOTSCASE@=\count189
LaTeX Info: Redefining \ldots on input line 496.
LaTeX Info: Redefining \dots on input line 499.
LaTeX Info: Redefining \cdots on input line 620.
\Mathstrutbox@=\box47
\strutbox@=\box48
\big@size=\dimen141
LaTeX Font Info:    Redeclaring font encoding OML on input line 743.
LaTeX Font Info:    Redeclaring font encoding OMS on input line 744.
\macc@depth=\count190
\c@MaxMatrixCols=\count191
\dotsspace@=\muskip16
\c@parentequation=\count192
\dspbrk@lvl=\count193
\tag@help=\toks17
\row@=\count194
\column@=\count195
\maxfields@=\count196
\andhelp@=\toks18
\eqnshift@=\dimen142
\alignsep@=\dimen143
\tagshift@=\dimen144
\tagwidth@=\dimen145
\totwidth@=\dimen146
\lineht@=\dimen147
\@envbody=\toks19
\multlinegap=\skip50
\multlinetaggap=\skip51
\mathdisplay@stack=\toks20
LaTeX Info: Redefining \[ on input line 2923.
LaTeX Info: Redefining \] on input line 2924.
)
(c:/Users/rooperc/AppData/Roaming/TinyTeX/texmf-dist/tex/generic/iftex/ifxetex.
sty
Package: ifxetex 2019/10/25 v0.7 ifxetex legacy package. Use iftex instead.

(c:/Users/rooperc/AppData/Roaming/TinyTeX/texmf-dist/tex/generic/iftex/iftex.st
y
Package: iftex 2020/03/06 v1.0d TeX engine tests
))
(c:/Users/rooperc/AppData/Roaming/TinyTeX/texmf-dist/tex/generic/iftex/ifluatex
.sty
Package: ifluatex 2019/10/25 v1.5 ifluatex legacy package. Use iftex instead.
)
(c:/Users/rooperc/AppData/Roaming/TinyTeX/texmf-dist/tex/latex/base/fontenc.sty
Package: fontenc 2020/08/10 v2.0s Standard LaTeX package
LaTeX Font Info:    Trying to load font information for T1+lmr on input line 11
2.
(c:/Users/rooperc/AppData/Roaming/TinyTeX/texmf-dist/tex/latex/lm/t1lmr.fd
File: t1lmr.fd 2009/10/30 v1.6 Font defs for Latin Modern
))
(c:/Users/rooperc/AppData/Roaming/TinyTeX/texmf-dist/tex/latex/base/inputenc.st
y
Package: inputenc 2020/08/01 v1.3d Input encoding file
\inpenc@prehook=\toks21
\inpenc@posthook=\toks22
)
(c:/Users/rooperc/AppData/Roaming/TinyTeX/texmf-dist/tex/latex/base/textcomp.st
y
Package: textcomp 2020/02/02 v2.0n Standard LaTeX package
)
(c:/Users/rooperc/AppData/Roaming/TinyTeX/texmf-dist/tex/latex/upquote/upquote.
sty
Package: upquote 2012/04/19 v1.3 upright-quote and grave-accent glyphs in verba
tim
)
(c:/Users/rooperc/AppData/Roaming/TinyTeX/texmf-dist/tex/latex/microtype/microt
ype.sty
Package: microtype 2019/02/28 v2.7b Micro-typographical refinements (RS)

(c:/Users/rooperc/AppData/Roaming/TinyTeX/texmf-dist/tex/latex/graphics/keyval.
sty
Package: keyval 2014/10/28 v1.15 key=value parser (DPC)
\KV@toks@=\toks23
)
\MT@toks=\toks24
\MT@count=\count197
LaTeX Info: Redefining \textls on input line 790.
\MT@outer@kern=\dimen148
LaTeX Info: Redefining \textmicrotypecontext on input line 1336.
\MT@listname@count=\count198

(c:/Users/rooperc/AppData/Roaming/TinyTeX/texmf-dist/tex/latex/microtype/microt
ype-pdftex.def
File: microtype-pdftex.def 2019/02/28 v2.7b Definitions specific to pdftex (RS)

LaTeX Info: Redefining \lsstyle on input line 914.
LaTeX Info: Redefining \lslig on input line 914.
\MT@outer@space=\skip52
)
Package microtype Info: Loading configuration file microtype.cfg.

(c:/Users/rooperc/AppData/Roaming/TinyTeX/texmf-dist/tex/latex/microtype/microt
ype.cfg
File: microtype.cfg 2019/02/28 v2.7b microtype main configuration file (RS)
))
(c:/Users/rooperc/AppData/Roaming/TinyTeX/texmf-dist/tex/latex/xcolor/xcolor.st
y
Package: xcolor 2016/05/11 v2.12 LaTeX color extensions (UK)

(c:/Users/rooperc/AppData/Roaming/TinyTeX/texmf-dist/tex/latex/graphics-cfg/col
or.cfg
File: color.cfg 2016/01/02 v1.6 sample color configuration
)
Package xcolor Info: Driver file: pdftex.def on input line 225.

(c:/Users/rooperc/AppData/Roaming/TinyTeX/texmf-dist/tex/latex/graphics-def/pdf
tex.def
File: pdftex.def 2020/10/05 v1.2a Graphics/color driver for pdftex
)
Package xcolor Info: Model `cmy' substituted by `cmy0' on input line 1348.
Package xcolor Info: Model `hsb' substituted by `rgb' on input line 1352.
Package xcolor Info: Model `RGB' extended on input line 1364.
Package xcolor Info: Model `HTML' substituted by `rgb' on input line 1366.
Package xcolor Info: Model `Hsb' substituted by `hsb' on input line 1367.
Package xcolor Info: Model `tHsb' substituted by `hsb' on input line 1368.
Package xcolor Info: Model `HSB' substituted by `hsb' on input line 1369.
Package xcolor Info: Model `Gray' substituted by `gray' on input line 1370.
Package xcolor Info: Model `wave' substituted by `hsb' on input line 1371.
)
(c:/Users/rooperc/AppData/Roaming/TinyTeX/texmf-dist/tex/latex/oberdiek/bookmar
k.sty
Package: bookmark 2016/05/17 v1.26 PDF bookmarks (HO)

(c:/Users/rooperc/AppData/Roaming/TinyTeX/texmf-dist/tex/generic/oberdiek/pdfes
cape.sty
Package: pdfescape 2016/05/16 v1.14 Implements pdfTeX's escape features (HO)

(c:/Users/rooperc/AppData/Roaming/TinyTeX/texmf-dist/tex/generic/ltxcmds/ltxcmd
s.sty
Package: ltxcmds 2020-05-10 v1.25 LaTeX kernel commands for general use (HO)
)
(c:/Users/rooperc/AppData/Roaming/TinyTeX/texmf-dist/tex/latex/pdftexcmds/pdfte
xcmds.sty
Package: pdftexcmds 2019/11/24 v0.31 Utility functions of pdfTeX for LuaTeX (HO
)

(c:/Users/rooperc/AppData/Roaming/TinyTeX/texmf-dist/tex/generic/infwarerr/infw
arerr.sty
Package: infwarerr 2019/12/03 v1.5 Providing info/warning/error messages (HO)
)
Package pdftexcmds Info: \pdf@primitive is available.
Package pdftexcmds Info: \pdf@ifprimitive is available.
Package pdftexcmds Info: \pdfdraftmode found.
))
(c:/Users/rooperc/AppData/Roaming/TinyTeX/texmf-dist/tex/generic/iftex/ifpdf.st
y
Package: ifpdf 2019/10/25 v3.4 ifpdf legacy package. Use iftex instead.
)
(c:/Users/rooperc/AppData/Roaming/TinyTeX/texmf-dist/tex/generic/iftex/ifvtex.s
ty
Package: ifvtex 2019/10/25 v1.7 ifvtex legacy package. Use iftex instead.
)
(c:/Users/rooperc/AppData/Roaming/TinyTeX/texmf-dist/tex/latex/hyperref/hyperre
f.sty
Package: hyperref 2021-02-10 v7.00j Hypertext links for LaTeX

(c:/Users/rooperc/AppData/Roaming/TinyTeX/texmf-dist/tex/generic/kvsetkeys/kvse
tkeys.sty
Package: kvsetkeys 2019/12/15 v1.18 Key value parser (HO)
)
(c:/Users/rooperc/AppData/Roaming/TinyTeX/texmf-dist/tex/generic/kvdefinekeys/k
vdefinekeys.sty
Package: kvdefinekeys 2019-12-19 v1.6 Define keys (HO)
)
(c:/Users/rooperc/AppData/Roaming/TinyTeX/texmf-dist/tex/latex/hycolor/hycolor.
sty
Package: hycolor 2020-01-27 v1.10 Color options for hyperref/bookmark (HO)
)
(c:/Users/rooperc/AppData/Roaming/TinyTeX/texmf-dist/tex/latex/letltxmacro/letl
txmacro.sty
Package: letltxmacro 2019/12/03 v1.6 Let assignment for LaTeX macros (HO)
)
(c:/Users/rooperc/AppData/Roaming/TinyTeX/texmf-dist/tex/latex/auxhook/auxhook.
sty
Package: auxhook 2019-12-17 v1.6 Hooks for auxiliary files (HO)
)
(c:/Users/rooperc/AppData/Roaming/TinyTeX/texmf-dist/tex/latex/kvoptions/kvopti
ons.sty
Package: kvoptions 2020-10-07 v3.14 Key value format for package options (HO)
)
\@linkdim=\dimen149
\Hy@linkcounter=\count199
\Hy@pagecounter=\count266

(c:/Users/rooperc/AppData/Roaming/TinyTeX/texmf-dist/tex/latex/hyperref/pd1enc.
def
File: pd1enc.def 2021-02-10 v7.00j Hyperref: PDFDocEncoding definition (HO)
Now handling font encoding PD1 ...
... no UTF-8 mapping file for font encoding PD1
)
(c:/Users/rooperc/AppData/Roaming/TinyTeX/texmf-dist/tex/latex/hyperref/hyperre
f-langpatches.def
File: hyperref-langpatches.def 2021-02-10 v7.00j Hyperref: patches for babel la
nguages
)
(c:/Users/rooperc/AppData/Roaming/TinyTeX/texmf-dist/tex/generic/intcalc/intcal
c.sty
Package: intcalc 2019/12/15 v1.3 Expandable calculations with integers (HO)
)
(c:/Users/rooperc/AppData/Roaming/TinyTeX/texmf-dist/tex/generic/etexcmds/etexc
mds.sty
Package: etexcmds 2019/12/15 v1.7 Avoid name clashes with e-TeX commands (HO)
)
\Hy@SavedSpaceFactor=\count267

(c:/Users/rooperc/AppData/Roaming/TinyTeX/texmf-dist/tex/latex/hyperref/puenc.d
ef
File: puenc.def 2021-02-10 v7.00j Hyperref: PDF Unicode definition (HO)
Now handling font encoding PU ...
... no UTF-8 mapping file for font encoding PU
)
(c:/Users/rooperc/AppData/Roaming/TinyTeX/texmf-dist/tex/latex/latexconfig/hype
rref.cfg
File: hyperref.cfg 2002/06/06 v1.2 hyperref configuration of TeXLive
)
Package hyperref Info: Option `unicode' set `true' on input line 4073.
Package hyperref Info: Hyper figures OFF on input line 4192.
Package hyperref Info: Link nesting OFF on input line 4197.
Package hyperref Info: Hyper index ON on input line 4200.
Package hyperref Info: Plain pages OFF on input line 4207.
Package hyperref Info: Backreferencing OFF on input line 4212.
Package hyperref Info: Implicit mode ON; LaTeX internals redefined.
Package hyperref Info: Bookmarks ON on input line 4445.
\c@Hy@tempcnt=\count268
(c:/Users/rooperc/AppData/Roaming/TinyTeX/texmf-dist/tex/latex/url/url.sty
\Urlmuskip=\muskip17
Package: url 2013/09/16  ver 3.4  Verb mode for urls, etc.
)
LaTeX Info: Redefining \url on input line 4804.
\XeTeXLinkMargin=\dimen150

(c:/Users/rooperc/AppData/Roaming/TinyTeX/texmf-dist/tex/generic/bitset/bitset.
sty
Package: bitset 2019/12/09 v1.3 Handle bit-vector datatype (HO)

(c:/Users/rooperc/AppData/Roaming/TinyTeX/texmf-dist/tex/generic/bigintcalc/big
intcalc.sty
Package: bigintcalc 2019/12/15 v1.5 Expandable calculations on big integers (HO
)
))
\Fld@menulength=\count269
\Field@Width=\dimen151
\Fld@charsize=\dimen152
Package hyperref Info: Hyper figures OFF on input line 6075.
Package hyperref Info: Link nesting OFF on input line 6080.
Package hyperref Info: Hyper index ON on input line 6083.
Package hyperref Info: backreferencing OFF on input line 6090.
Package hyperref Info: Link coloring OFF on input line 6095.
Package hyperref Info: Link coloring with OCG OFF on input line 6100.
Package hyperref Info: PDF/A mode OFF on input line 6105.
LaTeX Info: Redefining \ref on input line 6145.
LaTeX Info: Redefining \pageref on input line 6149.

(c:/Users/rooperc/AppData/Roaming/TinyTeX/texmf-dist/tex/latex/base/atbegshi-lt
x.sty
Package: atbegshi-ltx 2020/08/17 v1.0a Emulation of the original atbegshi packa
ge
with kernel methods
)
\Hy@abspage=\count270
\c@Item=\count271
\c@Hfootnote=\count272
)
Package hyperref Info: Driver (autodetected): hpdftex.

(c:/Users/rooperc/AppData/Roaming/TinyTeX/texmf-dist/tex/latex/hyperref/hpdftex
.def
File: hpdftex.def 2021-02-10 v7.00j Hyperref driver for pdfTeX

(c:/Users/rooperc/AppData/Roaming/TinyTeX/texmf-dist/tex/latex/base/atveryend-l
tx.sty
Package: atveryend-ltx 2020/08/19 v1.0a Emulation of the original atvery packag
e
with kernel methods
)
\Fld@listcount=\count273
\c@bookmark@seq@number=\count274

(c:/Users/rooperc/AppData/Roaming/TinyTeX/texmf-dist/tex/latex/oberdiek/rerunfi
lecheck.sty
Package: rerunfilecheck 2016/05/16 v1.8 Rerun checks for auxiliary files (HO)

(c:/Users/rooperc/AppData/Roaming/TinyTeX/texmf-dist/tex/generic/oberdiek/uniqu
ecounter.sty
Package: uniquecounter 2016/05/16 v1.3 Provide unlimited unique counter (HO)
)
Package uniquecounter Info: New unique counter `rerunfilecheck' on input line 2
82.
)
\Hy@SectionHShift=\skip53
)
(c:/Users/rooperc/AppData/Roaming/TinyTeX/texmf-dist/tex/latex/oberdiek/bkm-pdf
tex.def
File: bkm-pdftex.def 2016/05/17 v1.26 bookmark driver for pdfTeX (HO)
\BKM@id=\count275
))
(c:/Users/rooperc/AppData/Roaming/TinyTeX/texmf-dist/tex/latex/geometry/geometr
y.sty
Package: geometry 2020/01/02 v5.9 Page Geometry
\Gm@cnth=\count276
\Gm@cntv=\count277
\c@Gm@tempcnt=\count278
\Gm@bindingoffset=\dimen153
\Gm@wd@mp=\dimen154
\Gm@odd@mp=\dimen155
\Gm@even@mp=\dimen156
\Gm@layoutwidth=\dimen157
\Gm@layoutheight=\dimen158
\Gm@layouthoffset=\dimen159
\Gm@layoutvoffset=\dimen160
\Gm@dimlist=\toks25
)
(c:/Users/rooperc/AppData/Roaming/TinyTeX/texmf-dist/tex/latex/tools/longtable.
sty
Package: longtable 2020/01/07 v4.13 Multi-page Table package (DPC)
\LTleft=\skip54
\LTright=\skip55
\LTpre=\skip56
\LTpost=\skip57
\LTchunksize=\count279
\LTcapwidth=\dimen161
\LT@head=\box49
\LT@firsthead=\box50
\LT@foot=\box51
\LT@lastfoot=\box52
\LT@cols=\count280
\LT@rows=\count281
\c@LT@tables=\count282
\c@LT@chunks=\count283
\LT@p@ftn=\toks26
)
(c:/Users/rooperc/AppData/Roaming/TinyTeX/texmf-dist/tex/latex/booktabs/booktab
s.sty
Package: booktabs 2020/01/12 v1.61803398 Publication quality tables
\heavyrulewidth=\dimen162
\lightrulewidth=\dimen163
\cmidrulewidth=\dimen164
\belowrulesep=\dimen165
\belowbottomsep=\dimen166
\aboverulesep=\dimen167
\abovetopsep=\dimen168
\cmidrulesep=\dimen169
\cmidrulekern=\dimen170
\defaultaddspace=\dimen171
\@cmidla=\count284
\@cmidlb=\count285
\@aboverulesep=\dimen172
\@belowrulesep=\dimen173
\@thisruleclass=\count286
\@lastruleclass=\count287
\@thisrulewidth=\dimen174
)
(c:/Users/rooperc/AppData/Roaming/TinyTeX/texmf-dist/tex/latex/etoolbox/etoolbo
x.sty
Package: etoolbox 2020/10/05 v2.5k e-TeX tools for LaTeX (JAW)
\etb@tempcnta=\count288
)
(c:/Users/rooperc/AppData/Roaming/TinyTeX/texmf-dist/tex/latex/mdwtools/footnot
e.sty
Package: footnote 1997/01/28 1.13 Save footnotes around boxes
\fn@notes=\box53
\fn@width=\dimen175
)
(c:/Users/rooperc/AppData/Roaming/TinyTeX/texmf-dist/tex/latex/graphics/graphic
x.sty
Package: graphicx 2020/09/09 v1.2b Enhanced LaTeX Graphics (DPC,SPQR)

(c:/Users/rooperc/AppData/Roaming/TinyTeX/texmf-dist/tex/latex/graphics/graphic
s.sty
Package: graphics 2020/08/30 v1.4c Standard LaTeX Graphics (DPC,SPQR)

(c:/Users/rooperc/AppData/Roaming/TinyTeX/texmf-dist/tex/latex/graphics/trig.st
y
Package: trig 2016/01/03 v1.10 sin cos tan (DPC)
)
(c:/Users/rooperc/AppData/Roaming/TinyTeX/texmf-dist/tex/latex/graphics-cfg/gra
phics.cfg
File: graphics.cfg 2016/06/04 v1.11 sample graphics configuration
)
Package graphics Info: Driver file: pdftex.def on input line 105.
)
\Gin@req@height=\dimen176
\Gin@req@width=\dimen177
)
(c:/Users/rooperc/AppData/Roaming/TinyTeX/texmf-dist/tex/latex/grffile/grffile.
sty
Package: grffile 2019/11/11 v2.1 Extended file name support for graphics (legac
y)
Package grffile Info: This package is an empty stub for compatibility on input 
line 40.
)
(c:/Users/rooperc/AppData/Roaming/TinyTeX/texmf-dist/tex/latex/l3backend/l3back
end-pdftex.def
File: l3backend-pdftex.def 2021-02-06 L3 backend support: PDF output (pdfTeX)
\l__color_backend_stack_int=\count289
\l__pdf_internal_box=\box54
) (./Annex_4_code.aux)
\openout1 = `Annex_4_code.aux'.

LaTeX Font Info:    Checking defaults for OML/cmm/m/it on input line 76.
LaTeX Font Info:    ... okay on input line 76.
LaTeX Font Info:    Checking defaults for OMS/cmsy/m/n on input line 76.
LaTeX Font Info:    ... okay on input line 76.
LaTeX Font Info:    Checking defaults for OT1/cmr/m/n on input line 76.
LaTeX Font Info:    ... okay on input line 76.
LaTeX Font Info:    Checking defaults for T1/cmr/m/n on input line 76.
LaTeX Font Info:    ... okay on input line 76.
LaTeX Font Info:    Checking defaults for TS1/cmr/m/n on input line 76.
LaTeX Font Info:    ... okay on input line 76.
LaTeX Font Info:    Checking defaults for OMX/cmex/m/n on input line 76.
LaTeX Font Info:    ... okay on input line 76.
LaTeX Font Info:    Checking defaults for U/cmr/m/n on input line 76.
LaTeX Font Info:    ... okay on input line 76.
LaTeX Font Info:    Checking defaults for PD1/pdf/m/n on input line 76.
LaTeX Font Info:    ... okay on input line 76.
LaTeX Font Info:    Checking defaults for PU/pdf/m/n on input line 76.
LaTeX Font Info:    ... okay on input line 76.
LaTeX Info: Redefining \microtypecontext on input line 76.
Package microtype Info: Generating PDF output.
Package microtype Info: Character protrusion enabled (level 2).
Package microtype Info: Using protrusion set `basicmath'.
Package microtype Info: Automatic font expansion enabled (level 2),
(microtype)             stretch: 20, shrink: 20, step: 1, non-selected.
Package microtype Info: Using default expansion set `basictext'.

LaTeX Warning: Command \showhyphens  has changed.
               Check if current package is valid.

Package microtype Info: No adjustment of tracking.
Package microtype Info: No adjustment of interword spacing.
Package microtype Info: No adjustment of character kerning.

(c:/Users/rooperc/AppData/Roaming/TinyTeX/texmf-dist/tex/latex/microtype/mt-cmr
.cfg
File: mt-cmr.cfg 2013/05/19 v2.2 microtype config. file: Computer Modern Roman 
(RS)
)
(c:/Users/rooperc/AppData/Roaming/TinyTeX/texmf-dist/tex/latex/epstopdf-pkg/eps
topdf-base.sty
Package: epstopdf-base 2020-01-24 v2.11 Base part for package epstopdf
Package epstopdf-base Info: Redefining graphics rule for `.eps' on input line 4
85.

(c:/Users/rooperc/AppData/Roaming/TinyTeX/texmf-dist/tex/latex/latexconfig/epst
opdf-sys.cfg
File: epstopdf-sys.cfg 2010/07/13 v1.3 Configuration of (r)epstopdf for TeX Liv
e
))
Package hyperref Info: Link coloring OFF on input line 76.

(c:/Users/rooperc/AppData/Roaming/TinyTeX/texmf-dist/tex/latex/hyperref/nameref
.sty
Package: nameref 2021-04-02 v2.47 Cross-referencing by name of section

(c:/Users/rooperc/AppData/Roaming/TinyTeX/texmf-dist/tex/latex/oberdiek/refcoun
t.sty
Package: refcount 2016/05/16 v3.5 Data extraction from label references (HO)
)
(c:/Users/rooperc/AppData/Roaming/TinyTeX/texmf-dist/tex/generic/gettitlestring
/gettitlestring.sty
Package: gettitlestring 2019/12/15 v1.6 Cleanup title references (HO)
)
\c@section@level=\count290
)
LaTeX Info: Redefining \ref on input line 76.
LaTeX Info: Redefining \pageref on input line 76.
LaTeX Info: Redefining \nameref on input line 76.
*geometry* driver: auto-detecting
*geometry* detected driver: pdftex
*geometry* verbose mode - [ preamble ] result:
* driver: pdftex
* paper: <default>
* layout: <same size as paper>
* layoutoffset:(h,v)=(0.0pt,0.0pt)
* modes: 
* h-part:(L,W,R)=(72.26999pt, 469.75502pt, 72.26999pt)
* v-part:(T,H,B)=(72.26999pt, 650.43001pt, 72.26999pt)
* \paperwidth=614.295pt
* \paperheight=794.96999pt
* \textwidth=469.75502pt
* \textheight=650.43001pt
* \oddsidemargin=0.0pt
* \evensidemargin=0.0pt
* \topmargin=-37.0pt
* \headheight=12.0pt
* \headsep=25.0pt
* \topskip=10.0pt
* \footskip=30.0pt
* \marginparwidth=65.0pt
* \marginparsep=11.0pt
* \columnsep=10.0pt
* \skip\footins=9.0pt plus 4.0pt minus 2.0pt
* \hoffset=0.0pt
* \voffset=0.0pt
* \mag=1000
* \@twocolumnfalse
* \@twosidefalse
* \@mparswitchfalse
* \@reversemarginfalse
* (1in=72.27pt=25.4mm, 1cm=28.453pt)

LaTeX Font Info:    Trying to load font information for OT1+lmr on input line 7
8.
(c:/Users/rooperc/AppData/Roaming/TinyTeX/texmf-dist/tex/latex/lm/ot1lmr.fd
File: ot1lmr.fd 2009/10/30 v1.6 Font defs for Latin Modern
)
LaTeX Font Info:    Trying to load font information for OML+lmm on input line 7
8.
(c:/Users/rooperc/AppData/Roaming/TinyTeX/texmf-dist/tex/latex/lm/omllmm.fd
File: omllmm.fd 2009/10/30 v1.6 Font defs for Latin Modern
)
LaTeX Font Info:    Trying to load font information for OMS+lmsy on input line 
78.
(c:/Users/rooperc/AppData/Roaming/TinyTeX/texmf-dist/tex/latex/lm/omslmsy.fd
File: omslmsy.fd 2009/10/30 v1.6 Font defs for Latin Modern
)
LaTeX Font Info:    Trying to load font information for OMX+lmex on input line 
78.
(c:/Users/rooperc/AppData/Roaming/TinyTeX/texmf-dist/tex/latex/lm/omxlmex.fd
File: omxlmex.fd 2009/10/30 v1.6 Font defs for Latin Modern
)
LaTeX Font Info:    External font `lmex10' loaded for size
(Font)              <12> on input line 78.
LaTeX Font Info:    External font `lmex10' loaded for size
(Font)              <8> on input line 78.
LaTeX Font Info:    External font `lmex10' loaded for size
(Font)              <6> on input line 78.
LaTeX Font Info:    Trying to load font information for U+msa on input line 78.


(c:/Users/rooperc/AppData/Roaming/TinyTeX/texmf-dist/tex/latex/amsfonts/umsa.fd
File: umsa.fd 2013/01/14 v3.01 AMS symbols A
)
(c:/Users/rooperc/AppData/Roaming/TinyTeX/texmf-dist/tex/latex/microtype/mt-msa
.cfg
File: mt-msa.cfg 2006/02/04 v1.1 microtype config. file: AMS symbols (a) (RS)
)
LaTeX Font Info:    Trying to load font information for U+msb on input line 78.


(c:/Users/rooperc/AppData/Roaming/TinyTeX/texmf-dist/tex/latex/amsfonts/umsb.fd
File: umsb.fd 2013/01/14 v3.01 AMS symbols B
)
(c:/Users/rooperc/AppData/Roaming/TinyTeX/texmf-dist/tex/latex/microtype/mt-msb
.cfg
File: mt-msb.cfg 2005/06/01 v1.0 microtype config. file: AMS symbols (b) (RS)
) [1

{c:/Users/rooperc/AppData/Roaming/TinyTeX/texmf-var/fonts/map/pdftex/updmap/pdf
tex.map}]
<C:/Users/rooperc/Desktop/Deep Sea Coral Research/ICES WKPHM/ICES_WKPHM/Figures
/Figure1.png, id=31, 433.62pt x 433.62pt>
File: C:/Users/rooperc/Desktop/Deep Sea Coral Research/ICES WKPHM/ICES_WKPHM/Fi
gures/Figure1.png Graphic file (type png)
<use C:/Users/rooperc/Desktop/Deep Sea Coral Research/ICES WKPHM/ICES_WKPHM/Fig
ures/Figure1.png>
Package pdftex.def Info: C:/Users/rooperc/Desktop/Deep Sea Coral Research/ICES 
WKPHM/ICES_WKPHM/Figures/Figure1.png  used on input line 192.
(pdftex.def)             Requested size: 433.63878pt x 433.63878pt.
[2]
LaTeX Font Info:    External font `lmex10' loaded for size
(Font)              <10> on input line 228.
LaTeX Font Info:    External font `lmex10' loaded for size
(Font)              <7> on input line 228.
LaTeX Font Info:    External font `lmex10' loaded for size
(Font)              <5> on input line 228.
[3] [4 <c:/Users/rooperc/Desktop/Deep Sea Coral Research/ICES WKPHM/ICES_WKPHM/
Figures/Figure1.png>]
<C:/Users/rooperc/Desktop/Deep Sea Coral Research/ICES WKPHM/ICES_WKPHM/Figures
/Figure2.png, id=80, 433.62pt x 433.62pt>
File: C:/Users/rooperc/Desktop/Deep Sea Coral Research/ICES WKPHM/ICES_WKPHM/Fi
gures/Figure2.png Graphic file (type png)
<use C:/Users/rooperc/Desktop/Deep Sea Coral Research/ICES WKPHM/ICES_WKPHM/Fig
ures/Figure2.png>
Package pdftex.def Info: C:/Users/rooperc/Desktop/Deep Sea Coral Research/ICES 
WKPHM/ICES_WKPHM/Figures/Figure2.png  used on input line 356.
(pdftex.def)             Requested size: 433.63878pt x 433.63878pt.

Overfull \hbox (195.50064pt too wide) in paragraph at lines 363--369
\T1/lmr/m/n/10 (-20) The bathymetry used here was down-loaded from the GEBCO we
b-site (GEBCO_2020 grid; www.gebco.net/data_and_products/gridded_bathymetry_dat
a).
 []

[5] [6 <c:/Users/rooperc/Desktop/Deep Sea Coral Research/ICES WKPHM/ICES_WKPHM/
Figures/Figure2.png (PNG copy)>]
<C:/Users/rooperc/Desktop/Deep Sea Coral Research/ICES WKPHM/ICES_WKPHM/Figures
/Figure2_5.png, id=113, 433.62pt x 433.62pt>
File: C:/Users/rooperc/Desktop/Deep Sea Coral Research/ICES WKPHM/ICES_WKPHM/Fi
gures/Figure2_5.png Graphic file (type png)
<use C:/Users/rooperc/Desktop/Deep Sea Coral Research/ICES WKPHM/ICES_WKPHM/Fig
ures/Figure2_5.png>
Package pdftex.def Info: C:/Users/rooperc/Desktop/Deep Sea Coral Research/ICES 
WKPHM/ICES_WKPHM/Figures/Figure2_5.png  used on input line 426.
(pdftex.def)             Requested size: 433.63878pt x 433.63878pt.
[7] [8 <c:/Users/rooperc/Desktop/Deep Sea Coral Research/ICES WKPHM/ICES_WKPHM/
Figures/Figure2_5.png>] [9]
<C:/Users/rooperc/Desktop/Deep Sea Coral Research/ICES WKPHM/ICES_WKPHM/Figures
/Figure3.png, id=165, 433.62pt x 433.62pt>
File: C:/Users/rooperc/Desktop/Deep Sea Coral Research/ICES WKPHM/ICES_WKPHM/Fi
gures/Figure3.png Graphic file (type png)
<use C:/Users/rooperc/Desktop/Deep Sea Coral Research/ICES WKPHM/ICES_WKPHM/Fig
ures/Figure3.png>
Package pdftex.def Info: C:/Users/rooperc/Desktop/Deep Sea Coral Research/ICES 
WKPHM/ICES_WKPHM/Figures/Figure3.png  used on input line 534.
(pdftex.def)             Requested size: 433.63878pt x 433.63878pt.
[10 <c:/Users/rooperc/Desktop/Deep Sea Coral Research/ICES WKPHM/ICES_WKPHM/Fig
ures/Figure3.png (PNG copy)>]
<C:/Users/rooperc/Desktop/Deep Sea Coral Research/ICES WKPHM/ICES_WKPHM/Figures
/GLMAssumptionsFull.png, id=175, 433.62pt x 433.62pt>
File: C:/Users/rooperc/Desktop/Deep Sea Coral Research/ICES WKPHM/ICES_WKPHM/Fi
gures/GLMAssumptionsFull.png Graphic file (type png)
<use C:/Users/rooperc/Desktop/Deep Sea Coral Research/ICES WKPHM/ICES_WKPHM/Fig
ures/GLMAssumptionsFull.png>
Package pdftex.def Info: C:/Users/rooperc/Desktop/Deep Sea Coral Research/ICES 
WKPHM/ICES_WKPHM/Figures/GLMAssumptionsFull.png  used on input line 571.
(pdftex.def)             Requested size: 433.63878pt x 433.63878pt.
[11 <c:/Users/rooperc/Desktop/Deep Sea Coral Research/ICES WKPHM/ICES_WKPHM/Fig
ures/GLMAssumptionsFull.png>]
<C:/Users/rooperc/Desktop/Deep Sea Coral Research/ICES WKPHM/ICES_WKPHM/Figures
/response_curvesFull.png, id=187, 578.16pt x 433.62pt>
File: C:/Users/rooperc/Desktop/Deep Sea Coral Research/ICES WKPHM/ICES_WKPHM/Fi
gures/response_curvesFull.png Graphic file (type png)
<use C:/Users/rooperc/Desktop/Deep Sea Coral Research/ICES WKPHM/ICES_WKPHM/Fig
ures/response_curvesFull.png>
Package pdftex.def Info: C:/Users/rooperc/Desktop/Deep Sea Coral Research/ICES 
WKPHM/ICES_WKPHM/Figures/response_curvesFull.png  used on input line 648.
(pdftex.def)             Requested size: 578.18504pt x 433.63878pt.

Overfull \hbox (108.43002pt too wide) in paragraph at lines 648--648
[][] 
 []

[12] [13 <c:/Users/rooperc/Desktop/Deep Sea Coral Research/ICES WKPHM/ICES_WKPH
M/Figures/response_curvesFull.png>]
<C:/Users/rooperc/Desktop/Deep Sea Coral Research/ICES WKPHM/ICES_WKPHM/Figures
/RelativeImportance.png, id=211, 433.62pt x 433.62pt>
File: C:/Users/rooperc/Desktop/Deep Sea Coral Research/ICES WKPHM/ICES_WKPHM/Fi
gures/RelativeImportance.png Graphic file (type png)
<use C:/Users/rooperc/Desktop/Deep Sea Coral Research/ICES WKPHM/ICES_WKPHM/Fig
ures/RelativeImportance.png>
Package pdftex.def Info: C:/Users/rooperc/Desktop/Deep Sea Coral Research/ICES 
WKPHM/ICES_WKPHM/Figures/RelativeImportance.png  used on input line 693.
(pdftex.def)             Requested size: 433.63878pt x 433.63878pt.
[14] [15 <c:/Users/rooperc/Desktop/Deep Sea Coral Research/ICES WKPHM/ICES_WKPH
M/Figures/RelativeImportance.png>]
<C:/Users/rooperc/Desktop/Deep Sea Coral Research/ICES WKPHM/ICES_WKPHM/Figures
/GLMdiagnosticsFull.png, id=233, 433.62pt x 433.62pt>
File: C:/Users/rooperc/Desktop/Deep Sea Coral Research/ICES WKPHM/ICES_WKPHM/Fi
gures/GLMdiagnosticsFull.png Graphic file (type png)
<use C:/Users/rooperc/Desktop/Deep Sea Coral Research/ICES WKPHM/ICES_WKPHM/Fig
ures/GLMdiagnosticsFull.png>
Package pdftex.def Info: C:/Users/rooperc/Desktop/Deep Sea Coral Research/ICES 
WKPHM/ICES_WKPHM/Figures/GLMdiagnosticsFull.png  used on input line 745.
(pdftex.def)             Requested size: 433.63878pt x 433.63878pt.
[16 <c:/Users/rooperc/Desktop/Deep Sea Coral Research/ICES WKPHM/ICES_WKPHM/Fig
ures/GLMdiagnosticsFull.png>]
Overfull \vbox (2.34863pt too high) has occurred while \output is active []

[17]
<C:/Users/rooperc/Desktop/Deep Sea Coral Research/ICES WKPHM/ICES_WKPHM/Figures
/Residuals.png, id=264, 433.62pt x 505.89pt>
File: C:/Users/rooperc/Desktop/Deep Sea Coral Research/ICES WKPHM/ICES_WKPHM/Fi
gures/Residuals.png Graphic file (type png)
<use C:/Users/rooperc/Desktop/Deep Sea Coral Research/ICES WKPHM/ICES_WKPHM/Fig
ures/Residuals.png>
Package pdftex.def Info: C:/Users/rooperc/Desktop/Deep Sea Coral Research/ICES 
WKPHM/ICES_WKPHM/Figures/Residuals.png  used on input line 862.
(pdftex.def)             Requested size: 433.62555pt x 505.89645pt.
<Figures/ProbabilityMapFold1.png, id=265, 433.62pt x 469.755pt>
File: Figures/ProbabilityMapFold1.png Graphic file (type png)
<use Figures/ProbabilityMapFold1.png>
Package pdftex.def Info: Figures/ProbabilityMapFold1.png  used on input line 86
7.
(pdftex.def)             Requested size: 198.13109pt x 214.64201pt.
<Figures/ProbabilityMapFold2.png, id=266, 433.62pt x 469.755pt>
File: Figures/ProbabilityMapFold2.png Graphic file (type png)
<use Figures/ProbabilityMapFold2.png>
Package pdftex.def Info: Figures/ProbabilityMapFold2.png  used on input line 86
7.
(pdftex.def)             Requested size: 198.13109pt x 214.64201pt.
<Figures/ProbabilityMapFold3.png, id=267, 433.62pt x 469.755pt>
File: Figures/ProbabilityMapFold3.png Graphic file (type png)
<use Figures/ProbabilityMapFold3.png>
Package pdftex.def Info: Figures/ProbabilityMapFold3.png  used on input line 86
7.
(pdftex.def)             Requested size: 198.13109pt x 214.64201pt.
<Figures/ProbabilityMapFold4.png, id=268, 433.62pt x 469.755pt>
File: Figures/ProbabilityMapFold4.png Graphic file (type png)
<use Figures/ProbabilityMapFold4.png>
Package pdftex.def Info: Figures/ProbabilityMapFold4.png  used on input line 86
7.
(pdftex.def)             Requested size: 198.13109pt x 214.64201pt.
<Figures/ProbabilityMapFold5.png, id=269, 433.62pt x 469.755pt>
File: Figures/ProbabilityMapFold5.png Graphic file (type png)
<use Figures/ProbabilityMapFold5.png>
Package pdftex.def Info: Figures/ProbabilityMapFold5.png  used on input line 86
7.
(pdftex.def)             Requested size: 198.13109pt x 214.64201pt.

LaTeX Warning: Float too large for page by 19.44046pt on input line 872.

<C:/Users/rooperc/Desktop/Deep Sea Coral Research/ICES WKPHM/ICES_WKPHM/Figures
/ProbabilityMapFull.png, id=270, 433.62pt x 469.755pt>
File: C:/Users/rooperc/Desktop/Deep Sea Coral Research/ICES WKPHM/ICES_WKPHM/Fi
gures/ProbabilityMapFull.png Graphic file (type png)
<use C:/Users/rooperc/Desktop/Deep Sea Coral Research/ICES WKPHM/ICES_WKPHM/Fig
ures/ProbabilityMapFull.png>
Package pdftex.def Info: C:/Users/rooperc/Desktop/Deep Sea Coral Research/ICES 
WKPHM/ICES_WKPHM/Figures/ProbabilityMapFull.png  used on input line 889.
(pdftex.def)             Requested size: 433.61894pt x 469.75386pt.
<C:/Users/rooperc/Desktop/Deep Sea Coral Research/ICES WKPHM/ICES_WKPHM/Figures
/Fullmapse.png, id=271, 433.62pt x 505.89pt>
File: C:/Users/rooperc/Desktop/Deep Sea Coral Research/ICES WKPHM/ICES_WKPHM/Fi
gures/Fullmapse.png Graphic file (type png)
<use C:/Users/rooperc/Desktop/Deep Sea Coral Research/ICES WKPHM/ICES_WKPHM/Fig
ures/Fullmapse.png>
Package pdftex.def Info: C:/Users/rooperc/Desktop/Deep Sea Coral Research/ICES 
WKPHM/ICES_WKPHM/Figures/Fullmapse.png  used on input line 893.
(pdftex.def)             Requested size: 433.62555pt x 505.89645pt.
[18] [19 <c:/Users/rooperc/Desktop/Deep Sea Coral Research/ICES WKPHM/ICES_WKPH
M/Figures/Residuals.png (PNG copy)>] [20 <./Figures/ProbabilityMapFold1.png (PN
G copy)> <./Figures/ProbabilityMapFold2.png (PNG copy)> <./Figures/ProbabilityM
apFold3.png (PNG copy)> <./Figures/ProbabilityMapFold4.png (PNG copy)> <./Figur
es/ProbabilityMapFold5.png (PNG copy)>] [21 <c:/Users/rooperc/Desktop/Deep Sea 
Coral Research/ICES WKPHM/ICES_WKPHM/Figures/ProbabilityMapFull.png (PNG copy)>
] [22 <c:/Users/rooperc/Desktop/Deep Sea Coral Research/ICES WKPHM/ICES_WKPHM/F
igures/Fullmapse.png>] [23] (./Annex_4_code.aux) ) 
Here is how much of TeX's memory you used:
 12811 strings out of 481250
 205476 string characters out of 5913850
 528030 words of memory out of 5000000
 29210 multiletter control sequences out of 15000+600000
 462398 words of font info for 122 fonts, out of 8000000 for 9000
 14 hyphenation exceptions out of 8191
 85i,6n,88p,1427b,449s stack positions out of 5000i,500n,10000p,200000b,80000s
{c:/Users/rooperc/AppData/Roa
ming/TinyTeX/texmf-dist/fonts/enc/dvips/lm/lm-mathsy.enc}{c:/Users/rooperc/AppD
ata/Roaming/TinyTeX/texmf-dist/fonts/enc/dvips/lm/lm-rm.enc}{c:/Users/rooperc/A
ppData/Roaming/TinyTeX/texmf-dist/fonts/enc/dvips/lm/lm-mathit.enc}{c:/Users/ro
operc/AppData/Roaming/TinyTeX/texmf-dist/fonts/enc/dvips/lm/lm-ec.enc}<c:/Users
/rooperc/AppData/Roaming/TinyTeX/texmf-dist/fonts/type1/public/lm/lmbx10.pfb><c
:/Users/rooperc/AppData/Roaming/TinyTeX/texmf-dist/fonts/type1/public/lm/lmbx12
.pfb><c:/Users/rooperc/AppData/Roaming/TinyTeX/texmf-dist/fonts/type1/public/lm
/lmbxi10.pfb><c:/Users/rooperc/AppData/Roaming/TinyTeX/texmf-dist/fonts/type1/p
ublic/lm/lmmi10.pfb><c:/Users/rooperc/AppData/Roaming/TinyTeX/texmf-dist/fonts/
type1/public/lm/lmr10.pfb><c:/Users/rooperc/AppData/Roaming/TinyTeX/texmf-dist/
fonts/type1/public/lm/lmr12.pfb><c:/Users/rooperc/AppData/Roaming/TinyTeX/texmf
-dist/fonts/type1/public/lm/lmr17.pfb><c:/Users/rooperc/AppData/Roaming/TinyTeX
/texmf-dist/fonts/type1/public/lm/lmr7.pfb><c:/Users/rooperc/AppData/Roaming/Ti
nyTeX/texmf-dist/fonts/type1/public/lm/lmri10.pfb><c:/Users/rooperc/AppData/Roa
ming/TinyTeX/texmf-dist/fonts/type1/public/lm/lmsy10.pfb><c:/Users/rooperc/AppD
ata/Roaming/TinyTeX/texmf-dist/fonts/type1/public/lm/lmsy7.pfb>
Output written on Annex_4_code.pdf (23 pages, 5665771 bytes).
PDF statistics:
 633 PDF objects out of 1000 (max. 8388607)
 568 compressed objects within 6 object streams
 196 named destinations out of 1000 (max. 500000)
 12953 words of extra memory for PDF output out of 14400 (max. 10000000)

